{"C:\\Users\\jonat\\OneDrive\\Área de Trabalho\\Dev\\Flit Curso\\CalculadoraDeInvestimentos\\funcoesAllan\\index.js": {"path":"C:\\Users\\jonat\\OneDrive\\Área de Trabalho\\Dev\\Flit Curso\\CalculadoraDeInvestimentos\\funcoesAllan\\index.js","statementMap":{"0":{"start":{"line":2,"column":4},"end":{"line":2,"column":15}},"1":{"start":{"line":3,"column":4},"end":{"line":3,"column":14}},"2":{"start":{"line":5,"column":12},"end":{"line":5,"column":20}},"3":{"start":{"line":7,"column":4},"end":{"line":7,"column":35}},"4":{"start":{"line":11,"column":4},"end":{"line":11,"column":15}},"5":{"start":{"line":12,"column":4},"end":{"line":12,"column":14}},"6":{"start":{"line":14,"column":12},"end":{"line":14,"column":28}},"7":{"start":{"line":16,"column":4},"end":{"line":16,"column":39}},"8":{"start":{"line":20,"column":4},"end":{"line":20,"column":15}},"9":{"start":{"line":21,"column":4},"end":{"line":21,"column":15}},"10":{"start":{"line":23,"column":12},"end":{"line":23,"column":44}},"11":{"start":{"line":25,"column":4},"end":{"line":25,"column":35}},"12":{"start":{"line":29,"column":12},"end":{"line":29,"column":35}},"13":{"start":{"line":31,"column":4},"end":{"line":31,"column":35}},"14":{"start":{"line":34,"column":0},"end":{"line":39,"column":4}}},"fnMap":{"0":{"name":"calcularRentabilidade","decl":{"start":{"line":1,"column":9},"end":{"line":1,"column":30}},"loc":{"start":{"line":1,"column":40},"end":{"line":8,"column":1}},"line":1},"1":{"name":"calcularRentabilidadeComposta","decl":{"start":{"line":10,"column":9},"end":{"line":10,"column":38}},"loc":{"start":{"line":10,"column":48},"end":{"line":17,"column":1}},"line":10},"2":{"name":"calcularRentabilidadeReal","decl":{"start":{"line":19,"column":9},"end":{"line":19,"column":34}},"loc":{"start":{"line":19,"column":43},"end":{"line":26,"column":1}},"line":19},"3":{"name":"calcularRentabilidadePassada","decl":{"start":{"line":28,"column":9},"end":{"line":28,"column":37}},"loc":{"start":{"line":28,"column":48},"end":{"line":32,"column":1}},"line":28}},"branchMap":{},"s":{"0":1,"1":1,"2":1,"3":1,"4":1,"5":1,"6":1,"7":1,"8":1,"9":1,"10":1,"11":1,"12":1,"13":1,"14":1},"f":{"0":1,"1":1,"2":1,"3":1},"b":{},"_coverageSchema":"1a1c01bbd47fc00a2c39e90264f33305004495a9","hash":"9ed78df6ddcfd4038ae8ab2fcc6522ad6e449a7f"}
,"C:\\Users\\jonat\\OneDrive\\Área de Trabalho\\Dev\\Flit Curso\\CalculadoraDeInvestimentos\\funcoesJonatan\\index.js": {"path":"C:\\Users\\jonat\\OneDrive\\Área de Trabalho\\Dev\\Flit Curso\\CalculadoraDeInvestimentos\\funcoesJonatan\\index.js","statementMap":{"0":{"start":{"line":3,"column":4},"end":{"line":3,"column":16}},"1":{"start":{"line":4,"column":4},"end":{"line":4,"column":15}},"2":{"start":{"line":6,"column":12},"end":{"line":6,"column":20}},"3":{"start":{"line":7,"column":4},"end":{"line":7,"column":36}},"4":{"start":{"line":12,"column":4},"end":{"line":12,"column":16}},"5":{"start":{"line":13,"column":4},"end":{"line":13,"column":15}},"6":{"start":{"line":15,"column":12},"end":{"line":15,"column":26}},"7":{"start":{"line":16,"column":4},"end":{"line":16,"column":40}},"8":{"start":{"line":21,"column":4},"end":{"line":21,"column":16}},"9":{"start":{"line":22,"column":4},"end":{"line":22,"column":16}},"10":{"start":{"line":24,"column":12},"end":{"line":24,"column":41}},"11":{"start":{"line":25,"column":4},"end":{"line":25,"column":36}},"12":{"start":{"line":30,"column":12},"end":{"line":30,"column":33}},"13":{"start":{"line":31,"column":4},"end":{"line":31,"column":36}},"14":{"start":{"line":34,"column":0},"end":{"line":34,"column":129}}},"fnMap":{"0":{"name":"calcularRentabilidade","decl":{"start":{"line":1,"column":9},"end":{"line":1,"column":30}},"loc":{"start":{"line":2,"column":0},"end":{"line":8,"column":1}},"line":2},"1":{"name":"calcularRentabilidadeComposta","decl":{"start":{"line":10,"column":9},"end":{"line":10,"column":38}},"loc":{"start":{"line":11,"column":0},"end":{"line":17,"column":1}},"line":11},"2":{"name":"calcularRentabilidadeReal","decl":{"start":{"line":19,"column":9},"end":{"line":19,"column":34}},"loc":{"start":{"line":20,"column":0},"end":{"line":26,"column":1}},"line":20},"3":{"name":"calcularRentabilidadePassada","decl":{"start":{"line":28,"column":9},"end":{"line":28,"column":37}},"loc":{"start":{"line":29,"column":0},"end":{"line":32,"column":1}},"line":29}},"branchMap":{},"s":{"0":1,"1":1,"2":1,"3":1,"4":1,"5":1,"6":1,"7":1,"8":1,"9":1,"10":1,"11":1,"12":1,"13":1,"14":1},"f":{"0":1,"1":1,"2":1,"3":1},"b":{},"_coverageSchema":"1a1c01bbd47fc00a2c39e90264f33305004495a9","hash":"e8eb7ce785b6661f97419a343f9000d106064e6b"}
}
