TN:
SF:funcoesAllan\index.js
FN:1,calcularRentabilidade
FN:10,calcularRentabilidadeComposta
FN:19,calcularRentabilidadeReal
FN:28,calcularRentabilidadePassada
FNF:4
FNH:4
FNDA:1,calcularRentabilidade
FNDA:1,calcularRentabilidadeComposta
FNDA:1,calcularRentabilidadeReal
FNDA:1,calcularRentabilidadePassada
DA:2,1
DA:3,1
DA:5,1
DA:7,1
DA:11,1
DA:12,1
DA:14,1
DA:16,1
DA:20,1
DA:21,1
DA:23,1
DA:25,1
DA:29,1
DA:31,1
DA:34,1
LF:15
LH:15
BRF:0
BRH:0
end_of_record
TN:
SF:funcoesJonatan\index.js
FN:1,calcularRentabilidade
FN:10,calcularRentabilidadeComposta
FN:19,calcularRentabilidadeReal
FN:28,calcularRentabilidadePassada
FNF:4
FNH:4
FNDA:1,calcularRentabilidade
FNDA:1,calcularRentabilidadeComposta
FNDA:1,calcularRentabilidadeReal
FNDA:1,calcularRentabilidadePassada
DA:3,1
DA:4,1
DA:6,1
DA:7,1
DA:12,1
DA:13,1
DA:15,1
DA:16,1
DA:21,1
DA:22,1
DA:24,1
DA:25,1
DA:30,1
DA:31,1
DA:34,1
LF:15
LH:15
BRF:0
BRH:0
end_of_record
